<?xml version="1.0" encoding="UTF-8"?>
<!-- Generated by org.testng.reporters.JUnitXMLReporter -->
<testsuite ignored="0" hostname="DESKTOP-6K6D6KB" failures="0" tests="7" name="TestNGTest" time="97.768" errors="0" timestamp="13 Apr 2020 14:36:20 GMT">
  <testcase classname="seleniumQA1.MallikarjunaTestNG3" name="fillContactForm" time="2.625"/>
  <testcase classname="seleniumQA1.MallikarjunaTestNG1" name="clickItems" time="0.999"/>
  <testcase classname="seleniumQA1.MallikarjunaTestNG7" name="dragAndDrop" time="0.349"/>
  <testcase classname="seleniumQA1.MallikarjunaTestNG8" name="datePicker" time="3.669"/>
  <testcase classname="seleniumQA1.MallikarjunaTestNG5" name="clickonPartialLinkTextOnNewWindow" time="6.073"/>
  <testcase classname="seleniumQA1.MallikarjunaTestNG6" name="clickonLinkTextOnNewWindow" time="5.401"/>
  <testcase classname="seleniumQA1.MallikarjunaTestNG9" name="datePicker" time="4.665"/>
</testsuite> <!-- TestNGTest -->
