<?xml version="1.0" encoding="UTF-8"?>
<testng-results ignored="0" total="2" passed="2" failed="0" skipped="0">
  <reporter-output>
  </reporter-output>
  <suite started-at="2020-04-16T15:17:46Z" name="Default suite" finished-at="2020-04-16T15:18:38Z" duration-ms="52292">
    <groups>
    </groups>
    <test started-at="2020-04-16T15:17:46Z" name="Default test" finished-at="2020-04-16T15:18:38Z" duration-ms="52292">
      <class name="seleniumQA1.OlayLoginMultipleData">
        <test-method is-config="true" signature="launchApplication()[pri:0, instance:seleniumQA1.OlayLoginMultipleData@6950ed69]" started-at="2020-04-16T20:47:46Z" name="launchApplication" finished-at="2020-04-16T20:48:16Z" duration-ms="29545" status="PASS">
          <reporter-output>
          </reporter-output>
        </test-method> <!-- launchApplication -->
        <test-method signature="loginWithMultipleData(java.lang.String, java.lang.String)[pri:0, instance:seleniumQA1.OlayLoginMultipleData@6950ed69]" started-at="2020-04-16T20:48:16Z" name="loginWithMultipleData" data-provider="testdata" finished-at="2020-04-16T20:48:19Z" duration-ms="3581" status="PASS">
          <params>
            <param index="0">
              <value>
                <![CDATA[mallikarjunap98@gmail.com]]>
              </value>
            </param>
            <param index="1">
              <value>
                <![CDATA[Arjun283]]>
              </value>
            </param>
          </params>
          <reporter-output>
          </reporter-output>
        </test-method> <!-- loginWithMultipleData -->
        <test-method is-config="true" signature="closebrowser()[pri:0, instance:seleniumQA1.OlayLoginMultipleData@6950ed69]" started-at="2020-04-16T20:48:19Z" name="closebrowser" finished-at="2020-04-16T20:48:23Z" duration-ms="4094" status="PASS">
          <reporter-output>
          </reporter-output>
        </test-method> <!-- closebrowser -->
        <test-method is-config="true" signature="launchApplication()[pri:0, instance:seleniumQA1.OlayLoginMultipleData@6950ed69]" started-at="2020-04-16T20:48:23Z" name="launchApplication" finished-at="2020-04-16T20:48:36Z" duration-ms="12224" status="PASS">
          <reporter-output>
          </reporter-output>
        </test-method> <!-- launchApplication -->
        <test-method signature="loginWithMultipleData(java.lang.String, java.lang.String)[pri:0, instance:seleniumQA1.OlayLoginMultipleData@6950ed69]" started-at="2020-04-16T20:48:36Z" name="loginWithMultipleData" data-provider="testdata" finished-at="2020-04-16T20:48:37Z" duration-ms="1248" status="PASS">
          <params>
            <param index="0">
              <value>
                <![CDATA[mallikarjunap98@gmail.com]]>
              </value>
            </param>
            <param index="1">
              <value>
                <![CDATA[Arjun456]]>
              </value>
            </param>
          </params>
          <reporter-output>
          </reporter-output>
        </test-method> <!-- loginWithMultipleData -->
        <test-method is-config="true" signature="closebrowser()[pri:0, instance:seleniumQA1.OlayLoginMultipleData@6950ed69]" started-at="2020-04-16T20:48:37Z" name="closebrowser" finished-at="2020-04-16T20:48:38Z" duration-ms="1568" status="PASS">
          <reporter-output>
          </reporter-output>
        </test-method> <!-- closebrowser -->
      </class> <!-- seleniumQA1.OlayLoginMultipleData -->
    </test> <!-- Default test -->
  </suite> <!-- Default suite -->
</testng-results>
